<?xml version="1.0" encoding="UTF-8"?>
<!-- Generated by org.testng.reporters.JUnitReportReporter -->
<testsuite skipped="0" hostname="DESKTOP-VTVNNFS" name="org.pojo.GroupingTNG" tests="2" failures="0" timestamp="28 Nov 2021 05:47:39 GMT" time="7.925" errors="0">
  <testcase name="tc4" time="5.478" classname="org.pojo.GroupingTNG"/>
  <testcase name="tc3" time="2.447" classname="org.pojo.GroupingTNG"/>
</testsuite> <!-- org.pojo.GroupingTNG -->
