<?xml version="1.0" encoding="UTF-8"?>
<!-- Generated by org.testng.reporters.JUnitReportReporter -->
<testsuite skipped="0" hostname="DESKTOP-VTVNNFS" name="org.pojo.ParallelTNG1" tests="4" failures="0" timestamp="28 Nov 2021 07:18:03 GMT" time="9.945" errors="0">
  <testcase name="tc1" time="5.102" classname="org.pojo.ParallelTNG1"/>
  <testcase name="tc3" time="1.148" classname="org.pojo.ParallelTNG1"/>
  <testcase name="tc4" time="0.986" classname="org.pojo.ParallelTNG1"/>
  <testcase name="tc2" time="2.709" classname="org.pojo.ParallelTNG1"/>
</testsuite> <!-- org.pojo.ParallelTNG1 -->
