<?xml version="1.0" encoding="UTF-8"?>
<!-- Generated by org.testng.reporters.JUnitReportReporter -->
<testsuite skipped="1" hostname="DESKTOP-VTVNNFS" name="org.pojo.TNG" tests="3" failures="0" timestamp="24 Nov 2021 13:58:31 GMT" time="5.879" errors="0">
  <testcase name="tc1" time="4.979" classname="org.pojo.TNG"/>
  <testcase name="tc2" time="0.900" classname="org.pojo.TNG"/>
  <testcase name="tc3" classname="org.pojo.TNG">
    <skipped/>
  </testcase> <!-- tc3 -->
</testsuite> <!-- org.pojo.TNG -->
