<?xml version="1.0" encoding="UTF-8"?>
<!-- Generated by org.testng.reporters.JUnitReportReporter -->
<testsuite skipped="0" hostname="DESKTOP-VTVNNFS" name="org.pojo.greensGrpClass" tests="4" failures="0" timestamp="28 Nov 2021 05:47:39 GMT" time="8.024" errors="0">
  <testcase name="coursess" time="0.218" classname="org.pojo.greensGrpClass"/>
  <testcase name="seleniumm" time="3.873" classname="org.pojo.greensGrpClass"/>
  <testcase name="enrollSelenium" time="2.395" classname="org.pojo.greensGrpClass"/>
  <testcase name="fillDetailsSelenium" time="1.538" classname="org.pojo.greensGrpClass"/>
</testsuite> <!-- org.pojo.greensGrpClass -->
