<?xml version="1.0" encoding="UTF-8"?>
<!-- Generated by org.testng.reporters.JUnitReportReporter -->
<testsuite skipped="0" hostname="DESKTOP-VTVNNFS" name="org.pojo.Tsuite2" tests="3" failures="0" timestamp="23 Nov 2021 06:21:28 GMT" time="0.031" errors="0">
  <testcase name="tc4" time="0.002" classname="org.pojo.Tsuite2"/>
  <testcase name="tc6" time="0.015" classname="org.pojo.Tsuite2"/>
  <testcase name="tc5" time="0.014" classname="org.pojo.Tsuite2"/>
</testsuite> <!-- org.pojo.Tsuite2 -->
