<?xml version="1.0" encoding="UTF-8"?>
<!-- Generated by org.testng.reporters.JUnitReportReporter -->
<testsuite skipped="0" hostname="DESKTOP-VTVNNFS" name="org.pojo.TNG1datapro" tests="4" failures="0" timestamp="24 Nov 2021 14:22:58 GMT" time="12.723" errors="0">
  <testcase name="tc1" time="2.981" classname="org.pojo.TNG1datapro"/>
  <testcase name="tc1" time="2.779" classname="org.pojo.TNG1datapro"/>
  <testcase name="tc1" time="3.844" classname="org.pojo.TNG1datapro"/>
  <testcase name="tc1" time="3.119" classname="org.pojo.TNG1datapro"/>
</testsuite> <!-- org.pojo.TNG1datapro -->
