<?xml version="1.0" encoding="UTF-8"?>
<!-- Generated by org.testng.reporters.JUnitReportReporter -->
<testsuite skipped="0" hostname="DESKTOP-VTVNNFS" name="org.pojo.Tsuite1" tests="3" failures="0" timestamp="23 Nov 2021 06:21:28 GMT" time="0.031" errors="0">
  <testcase name="tc3" time="0.003" classname="org.pojo.Tsuite1"/>
  <testcase name="tc2" time="0.001" classname="org.pojo.Tsuite1"/>
  <testcase name="tc1" time="0.027" classname="org.pojo.Tsuite1"/>
</testsuite> <!-- org.pojo.Tsuite1 -->
