<?xml version="1.0" encoding="UTF-8"?>
<!-- Generated by org.testng.reporters.JUnitReportReporter -->
<testsuite skipped="0" hostname="DESKTOP-VTVNNFS" name="org.pojo.ParallelTNG2" tests="5" failures="0" timestamp="29 Nov 2021 06:59:51 GMT" time="51.770" errors="0">
  <testcase name="tc4" time="9.882" classname="org.pojo.ParallelTNG2"/>
  <testcase name="tc2" time="6.434" classname="org.pojo.ParallelTNG2"/>
  <testcase name="tc3" time="26.480" classname="org.pojo.ParallelTNG2"/>
  <testcase name="tc5" time="0.278" classname="org.pojo.ParallelTNG2"/>
  <testcase name="tc1" time="8.696" classname="org.pojo.ParallelTNG2"/>
</testsuite> <!-- org.pojo.ParallelTNG2 -->
