<?xml version="1.0" encoding="UTF-8"?>
<!-- Generated by org.testng.reporters.JUnitReportReporter -->
<testsuite skipped="0" hostname="DESKTOP-VTVNNFS" name="org.pojo.TNGDatapro" tests="8" failures="0" timestamp="24 Nov 2021 04:33:43 GMT" time="25.151" errors="0">
  <testcase name="tc1" time="4.107" classname="org.pojo.TNGDatapro"/>
  <testcase name="tc2" time="3.190" classname="org.pojo.TNGDatapro"/>
  <testcase name="tc1" time="3.054" classname="org.pojo.TNGDatapro"/>
  <testcase name="tc1" time="2.816" classname="org.pojo.TNGDatapro"/>
  <testcase name="tc2" time="3.077" classname="org.pojo.TNGDatapro"/>
  <testcase name="tc2" time="2.990" classname="org.pojo.TNGDatapro"/>
  <testcase name="tc1" time="3.025" classname="org.pojo.TNGDatapro"/>
  <testcase name="tc2" time="2.892" classname="org.pojo.TNGDatapro"/>
</testsuite> <!-- org.pojo.TNGDatapro -->
